<?xml version="1.0" encoding="UTF-8"?>
<coverage generated="1773522582262" clover="3.2.0">
  <project timestamp="1773522582262" name="All files">
    <metrics statements="114" coveredstatements="113" conditionals="104" coveredconditionals="84" methods="39" coveredmethods="39" elements="257" coveredelements="236" complexity="0" loc="114" ncloc="114" packages="3" files="4" classes="4"/>
    <package name="components">
      <metrics statements="54" coveredstatements="53" conditionals="76" coveredconditionals="60" methods="25" coveredmethods="25"/>
      <file name="IngredientTable.tsx" path="/home/biosdaddy/git/scottscookbook.link/src/components/IngredientTable.tsx">
        <metrics statements="14" coveredstatements="13" conditionals="26" coveredconditionals="24" methods="4" coveredmethods="4"/>
        <line num="35" count="6" type="stmt"/>
        <line num="37" count="1" type="stmt"/>
        <line num="41" count="10" type="cond" truecount="4" falsecount="1"/>
        <line num="43" count="4" type="stmt"/>
        <line num="49" count="2" type="stmt"/>
        <line num="51" count="2" type="stmt"/>
        <line num="53" count="2" type="stmt"/>
        <line num="59" count="0" type="stmt"/>
        <line num="63" count="1" type="stmt"/>
        <line num="69" count="13" type="cond" truecount="4" falsecount="0"/>
        <line num="71" count="12" type="cond" truecount="1" falsecount="1"/>
        <line num="73" count="12" type="stmt"/>
        <line num="91" count="24" type="cond" truecount="4" falsecount="0"/>
        <line num="95" count="24" type="stmt"/>
      </file>
      <file name="RecipeList.tsx" path="/home/biosdaddy/git/scottscookbook.link/src/components/RecipeList.tsx">
        <metrics statements="40" coveredstatements="40" conditionals="50" coveredconditionals="36" methods="21" coveredmethods="21"/>
        <line num="29" count="268" type="cond" truecount="1" falsecount="1"/>
        <line num="30" count="678" type="cond" truecount="1" falsecount="1"/>
        <line num="31" count="331" type="cond" truecount="2" falsecount="3"/>
        <line num="32" count="22" type="cond" truecount="1" falsecount="1"/>
        <line num="35" count="1" type="stmt"/>
        <line num="36" count="112" type="stmt"/>
        <line num="37" count="6" type="stmt"/>
        <line num="38" count="5" type="stmt"/>
        <line num="40" count="5" type="stmt"/>
        <line num="48" count="16" type="stmt"/>
        <line num="49" count="16" type="stmt"/>
        <line num="50" count="57" type="stmt"/>
        <line num="51" count="57" type="cond" truecount="2" falsecount="0"/>
        <line num="53" count="16" type="stmt"/>
        <line num="58" count="52" type="cond" truecount="1" falsecount="1"/>
        <line num="60" count="52" type="stmt"/>
        <line num="61" count="58" type="cond" truecount="2" falsecount="0"/>
        <line num="65" count="52" type="stmt"/>
        <line num="66" count="52" type="stmt"/>
        <line num="67" count="52" type="stmt"/>
        <line num="69" count="52" type="stmt"/>
        <line num="71" count="52" type="stmt"/>
        <line num="72" count="52" type="stmt"/>
        <line num="73" count="52" type="stmt"/>
        <line num="75" count="201" type="stmt"/>
        <line num="77" count="201" type="cond" truecount="3" falsecount="0"/>
        <line num="78" count="201" type="cond" truecount="2" falsecount="0"/>
        <line num="79" count="201" type="cond" truecount="2" falsecount="0"/>
        <line num="85" count="52" type="stmt"/>
        <line num="87" count="52" type="stmt"/>
        <line num="100" count="30" type="stmt"/>
        <line num="130" count="3" type="cond" truecount="2" falsecount="0"/>
        <line num="135" count="200" type="stmt"/>
        <line num="145" count="107" type="stmt"/>
        <line num="146" count="107" type="cond" truecount="1" falsecount="1"/>
        <line num="147" count="107" type="cond" truecount="1" falsecount="1"/>
        <line num="148" count="107" type="cond" truecount="1" falsecount="1"/>
        <line num="149" count="107" type="stmt"/>
        <line num="151" count="107" type="stmt"/>
        <line num="153" count="107" type="stmt"/>
      </file>
    </package>
    <package name="hooks">
      <metrics statements="46" coveredstatements="46" conditionals="17" coveredconditionals="17" methods="11" coveredmethods="11"/>
      <file name="useWakeLock.ts" path="/home/biosdaddy/git/scottscookbook.link/src/hooks/useWakeLock.ts">
        <metrics statements="46" coveredstatements="46" conditionals="17" coveredconditionals="17" methods="11" coveredmethods="11"/>
        <line num="6" count="43" type="stmt"/>
        <line num="7" count="43" type="stmt"/>
        <line num="8" count="43" type="stmt"/>
        <line num="9" count="43" type="stmt"/>
        <line num="12" count="43" type="stmt"/>
        <line num="13" count="3" type="cond" truecount="2" falsecount="0"/>
        <line num="14" count="2" type="stmt"/>
        <line num="15" count="2" type="stmt"/>
        <line num="16" count="2" type="stmt"/>
        <line num="19" count="43" type="stmt"/>
        <line num="20" count="15" type="stmt"/>
        <line num="23" count="43" type="stmt"/>
        <line num="24" count="13" type="stmt"/>
        <line num="25" count="13" type="cond" truecount="2" falsecount="0"/>
        <line num="26" count="13" type="cond" truecount="2" falsecount="0"/>
        <line num="27" count="10" type="stmt"/>
        <line num="28" count="9" type="stmt"/>
        <line num="30" count="9" type="stmt"/>
        <line num="31" count="9" type="stmt"/>
        <line num="34" count="3" type="stmt"/>
        <line num="35" count="3" type="stmt"/>
        <line num="36" count="3" type="stmt"/>
        <line num="39" count="1" type="stmt"/>
        <line num="40" count="1" type="stmt"/>
        <line num="41" count="1" type="stmt"/>
        <line num="45" count="43" type="stmt"/>
        <line num="46" count="17" type="stmt"/>
        <line num="47" count="17" type="cond" truecount="2" falsecount="0"/>
        <line num="48" count="9" type="stmt"/>
        <line num="49" count="9" type="stmt"/>
        <line num="51" count="17" type="cond" truecount="2" falsecount="0"/>
        <line num="52" count="2" type="stmt"/>
        <line num="55" count="17" type="stmt"/>
        <line num="60" count="43" type="stmt"/>
        <line num="61" count="40" type="stmt"/>
        <line num="62" count="3" type="cond" truecount="5" falsecount="0"/>
        <line num="63" count="2" type="stmt"/>
        <line num="64" count="2" type="stmt"/>
        <line num="65" count="1" type="stmt"/>
        <line num="67" count="1" type="stmt"/>
        <line num="71" count="40" type="stmt"/>
        <line num="72" count="40" type="stmt"/>
        <line num="75" count="43" type="stmt"/>
        <line num="76" count="15" type="stmt"/>
        <line num="78" count="15" type="stmt"/>
        <line num="82" count="43" type="stmt"/>
      </file>
    </package>
    <package name="utils">
      <metrics statements="14" coveredstatements="14" conditionals="11" coveredconditionals="7" methods="3" coveredmethods="3"/>
      <file name="cookies.ts" path="/home/biosdaddy/git/scottscookbook.link/src/utils/cookies.ts">
        <metrics statements="14" coveredstatements="14" conditionals="11" coveredconditionals="7" methods="3" coveredmethods="3"/>
        <line num="1" count="1" type="cond" truecount="1" falsecount="0"/>
        <line num="2" count="7" type="cond" truecount="1" falsecount="1"/>
        <line num="3" count="7" type="stmt"/>
        <line num="4" count="7" type="stmt"/>
        <line num="7" count="1" type="stmt"/>
        <line num="8" count="8" type="cond" truecount="1" falsecount="1"/>
        <line num="9" count="8" type="cond" truecount="2" falsecount="0"/>
        <line num="10" count="8" type="stmt"/>
        <line num="11" count="8" type="stmt"/>
        <line num="12" count="6" type="cond" truecount="1" falsecount="1"/>
        <line num="14" count="2" type="stmt"/>
        <line num="17" count="1" type="stmt"/>
        <line num="18" count="2" type="cond" truecount="1" falsecount="1"/>
        <line num="19" count="2" type="stmt"/>
      </file>
    </package>
  </project>
</coverage>
