{"/home/biosdaddy/git/scottscookbook.link/src/components/IngredientTable.tsx": {"path":"/home/biosdaddy/git/scottscookbook.link/src/components/IngredientTable.tsx","statementMap":{"0":{"start":{"line":35,"column":24},"end":{"line":35,"column":60}},"1":{"start":{"line":35,"column":39},"end":{"line":35,"column":60}},"2":{"start":{"line":37,"column":20},"end":{"line":61,"column":1}},"3":{"start":{"line":41,"column":2},"end":{"line":60,"column":3}},"4":{"start":{"line":43,"column":6},"end":{"line":47,"column":8}},"5":{"start":{"line":49,"column":6},"end":{"line":49,"column":66}},"6":{"start":{"line":51,"column":6},"end":{"line":51,"column":60}},"7":{"start":{"line":53,"column":6},"end":{"line":57,"column":8}},"8":{"start":{"line":59,"column":6},"end":{"line":59,"column":23}},"9":{"start":{"line":63,"column":41},"end":{"line":153,"column":1}},"10":{"start":{"line":69,"column":2},"end":{"line":69,"column":46}},"11":{"start":{"line":69,"column":34},"end":{"line":69,"column":46}},"12":{"start":{"line":71,"column":18},"end":{"line":71,"column":51}},"13":{"start":{"line":73,"column":2},"end":{"line":152,"column":4}},"14":{"start":{"line":91,"column":12},"end":{"line":93,"column":25}},"15":{"start":{"line":95,"column":10},"end":{"line":148,"column":12}}},"fnMap":{"0":{"name":"(anonymous_0)","decl":{"start":{"line":35,"column":24},"end":{"line":35,"column":25}},"loc":{"start":{"line":35,"column":39},"end":{"line":35,"column":60}},"line":35},"1":{"name":"(anonymous_1)","decl":{"start":{"line":37,"column":20},"end":{"line":37,"column":21}},"loc":{"start":{"line":40,"column":25},"end":{"line":61,"column":1}},"line":40},"2":{"name":"(anonymous_2)","decl":{"start":{"line":63,"column":41},"end":{"line":63,"column":42}},"loc":{"start":{"line":68,"column":6},"end":{"line":153,"column":1}},"line":68},"3":{"name":"(anonymous_3)","decl":{"start":{"line":89,"column":18},"end":{"line":89,"column":19}},"loc":{"start":{"line":89,"column":39},"end":{"line":149,"column":9}},"line":89}},"branchMap":{"0":{"loc":{"start":{"line":41,"column":2},"end":{"line":60,"column":3}},"type":"switch","locations":[{"start":{"line":42,"column":4},"end":{"line":47,"column":8}},{"start":{"line":48,"column":4},"end":{"line":49,"column":66}},{"start":{"line":50,"column":4},"end":{"line":51,"column":60}},{"start":{"line":52,"column":4},"end":{"line":57,"column":8}},{"start":{"line":58,"column":4},"end":{"line":59,"column":23}}],"line":41},"1":{"loc":{"start":{"line":67,"column":2},"end":{"line":67,"column":19}},"type":"default-arg","locations":[{"start":{"line":67,"column":15},"end":{"line":67,"column":19}}],"line":67},"2":{"loc":{"start":{"line":69,"column":2},"end":{"line":69,"column":46}},"type":"if","locations":[{"start":{"line":69,"column":2},"end":{"line":69,"column":46}},{"start":{},"end":{}}],"line":69},"3":{"loc":{"start":{"line":69,"column":6},"end":{"line":69,"column":32}},"type":"binary-expr","locations":[{"start":{"line":69,"column":6},"end":{"line":69,"column":11}},{"start":{"line":69,"column":15},"end":{"line":69,"column":32}}],"line":69},"4":{"loc":{"start":{"line":71,"column":18},"end":{"line":71,"column":51}},"type":"binary-expr","locations":[{"start":{"line":71,"column":18},"end":{"line":71,"column":34}},{"start":{"line":71,"column":38},"end":{"line":71,"column":51}}],"line":71},"5":{"loc":{"start":{"line":75,"column":7},"end":{"line":85,"column":7}},"type":"binary-expr","locations":[{"start":{"line":75,"column":7},"end":{"line":75,"column":17}},{"start":{"line":76,"column":8},"end":{"line":84,"column":11}}],"line":75},"6":{"loc":{"start":{"line":91,"column":12},"end":{"line":93,"column":25}},"type":"cond-expr","locations":[{"start":{"line":92,"column":16},"end":{"line":92,"column":62}},{"start":{"line":93,"column":16},"end":{"line":93,"column":25}}],"line":91},"7":{"loc":{"start":{"line":91,"column":12},"end":{"line":91,"column":50}},"type":"binary-expr","locations":[{"start":{"line":91,"column":12},"end":{"line":91,"column":31}},{"start":{"line":91,"column":35},"end":{"line":91,"column":50}}],"line":91},"8":{"loc":{"start":{"line":101,"column":30},"end":{"line":101,"column":76}},"type":"cond-expr","locations":[{"start":{"line":101,"column":56},"end":{"line":101,"column":62}},{"start":{"line":101,"column":65},"end":{"line":101,"column":76}}],"line":101},"9":{"loc":{"start":{"line":117,"column":17},"end":{"line":128,"column":17}},"type":"binary-expr","locations":[{"start":{"line":117,"column":17},"end":{"line":117,"column":21}},{"start":{"line":118,"column":18},"end":{"line":127,"column":31}}],"line":117},"10":{"loc":{"start":{"line":137,"column":21},"end":{"line":141,"column":21}},"type":"binary-expr","locations":[{"start":{"line":137,"column":21},"end":{"line":137,"column":38}},{"start":{"line":138,"column":22},"end":{"line":140,"column":25}}],"line":137},"11":{"loc":{"start":{"line":143,"column":21},"end":{"line":143,"column":77}},"type":"binary-expr","locations":[{"start":{"line":143,"column":21},"end":{"line":143,"column":43}},{"start":{"line":143,"column":47},"end":{"line":143,"column":77}}],"line":143}},"s":{"0":1,"1":6,"2":1,"3":10,"4":4,"5":2,"6":2,"7":2,"8":0,"9":1,"10":13,"11":1,"12":12,"13":12,"14":24,"15":24},"f":{"0":6,"1":10,"2":13,"3":24},"b":{"0":[4,2,2,2,0],"1":[12],"2":[1,12],"3":[13,13],"4":[12,0],"5":[12,11],"6":[10,14],"7":[24,10],"8":[12,12],"9":[24,10],"10":[24,12],"11":[24,12]},"_coverageSchema":"1a1c01bbd47fc00a2c39e90264f33305004495a9","hash":"8532e166fe63ec922c6ddc2b2b9b425fcf9fe5cc"}
,"/home/biosdaddy/git/scottscookbook.link/src/components/RecipeList.tsx": {"path":"/home/biosdaddy/git/scottscookbook.link/src/components/RecipeList.tsx","statementMap":{"0":{"start":{"line":29,"column":18},"end":{"line":29,"column":71}},"1":{"start":{"line":29,"column":30},"end":{"line":29,"column":71}},"2":{"start":{"line":30,"column":22},"end":{"line":30,"column":60}},"3":{"start":{"line":30,"column":34},"end":{"line":30,"column":60}},"4":{"start":{"line":31,"column":12},"end":{"line":31,"column":75}},"5":{"start":{"line":31,"column":32},"end":{"line":31,"column":74}},"6":{"start":{"line":32,"column":16},"end":{"line":32,"column":66}},"7":{"start":{"line":32,"column":29},"end":{"line":32,"column":65}},"8":{"start":{"line":35,"column":58},"end":{"line":45,"column":1}},"9":{"start":{"line":36,"column":20},"end":{"line":36,"column":89}},"10":{"start":{"line":37,"column":21},"end":{"line":37,"column":84}},"11":{"start":{"line":38,"column":21},"end":{"line":38,"column":84}},"12":{"start":{"line":40,"column":4},"end":{"line":44,"column":5}},"13":{"start":{"line":48,"column":14},"end":{"line":48,"column":31}},"14":{"start":{"line":49,"column":2},"end":{"line":52,"column":5}},"15":{"start":{"line":50,"column":14},"end":{"line":50,"column":36}},"16":{"start":{"line":51,"column":4},"end":{"line":51,"column":22}},"17":{"start":{"line":51,"column":11},"end":{"line":51,"column":22}},"18":{"start":{"line":53,"column":2},"end":{"line":53,"column":25}},"19":{"start":{"line":58,"column":19},"end":{"line":58,"column":36}},"20":{"start":{"line":60,"column":16},"end":{"line":63,"column":3}},"21":{"start":{"line":61,"column":10},"end":{"line":61,"column":80}},"22":{"start":{"line":61,"column":33},"end":{"line":61,"column":79}},"23":{"start":{"line":65,"column":28},"end":{"line":65,"column":46}},"24":{"start":{"line":66,"column":30},"end":{"line":66,"column":54}},"25":{"start":{"line":67,"column":40},"end":{"line":67,"column":61}},"26":{"start":{"line":69,"column":17},"end":{"line":69,"column":75}},"27":{"start":{"line":69,"column":37},"end":{"line":69,"column":65}},"28":{"start":{"line":71,"column":19},"end":{"line":83,"column":41}},"29":{"start":{"line":72,"column":14},"end":{"line":72,"column":30}},"30":{"start":{"line":73,"column":4},"end":{"line":82,"column":43}},"31":{"start":{"line":75,"column":19},"end":{"line":75,"column":35}},"32":{"start":{"line":77,"column":10},"end":{"line":77,"column":82}},"33":{"start":{"line":78,"column":29},"end":{"line":78,"column":78}},"34":{"start":{"line":79,"column":8},"end":{"line":79,"column":44}},"35":{"start":{"line":85,"column":27},"end":{"line":85,"column":96}},"36":{"start":{"line":85,"column":61},"end":{"line":85,"column":96}},"37":{"start":{"line":87,"column":2},"end":{"line":237,"column":4}},"38":{"start":{"line":100,"column":27},"end":{"line":100,"column":51}},"39":{"start":{"line":130,"column":30},"end":{"line":130,"column":52}},"40":{"start":{"line":135,"column":12},"end":{"line":137,"column":27}},"41":{"start":{"line":145,"column":21},"end":{"line":145,"column":37}},"42":{"start":{"line":146,"column":23},"end":{"line":146,"column":51}},"43":{"start":{"line":147,"column":22},"end":{"line":147,"column":41}},"44":{"start":{"line":148,"column":24},"end":{"line":148,"column":53}},"45":{"start":{"line":149,"column":30},"end":{"line":149,"column":49}},"46":{"start":{"line":151,"column":26},"end":{"line":151,"column":78}},"47":{"start":{"line":153,"column":10},"end":{"line":213,"column":12}}},"fnMap":{"0":{"name":"(anonymous_0)","decl":{"start":{"line":29,"column":18},"end":{"line":29,"column":19}},"loc":{"start":{"line":29,"column":30},"end":{"line":29,"column":71}},"line":29},"1":{"name":"(anonymous_1)","decl":{"start":{"line":30,"column":22},"end":{"line":30,"column":23}},"loc":{"start":{"line":30,"column":34},"end":{"line":30,"column":60}},"line":30},"2":{"name":"(anonymous_2)","decl":{"start":{"line":31,"column":12},"end":{"line":31,"column":13}},"loc":{"start":{"line":31,"column":32},"end":{"line":31,"column":74}},"line":31},"3":{"name":"(anonymous_3)","decl":{"start":{"line":32,"column":16},"end":{"line":32,"column":17}},"loc":{"start":{"line":32,"column":29},"end":{"line":32,"column":65}},"line":32},"4":{"name":"(anonymous_4)","decl":{"start":{"line":36,"column":10},"end":{"line":36,"column":11}},"loc":{"start":{"line":36,"column":20},"end":{"line":36,"column":89}},"line":36},"5":{"name":"(anonymous_5)","decl":{"start":{"line":37,"column":11},"end":{"line":37,"column":12}},"loc":{"start":{"line":37,"column":21},"end":{"line":37,"column":84}},"line":37},"6":{"name":"(anonymous_6)","decl":{"start":{"line":38,"column":11},"end":{"line":38,"column":12}},"loc":{"start":{"line":38,"column":21},"end":{"line":38,"column":84}},"line":38},"7":{"name":"(anonymous_7)","decl":{"start":{"line":39,"column":9},"end":{"line":39,"column":10}},"loc":{"start":{"line":40,"column":4},"end":{"line":44,"column":5}},"line":40},"8":{"name":"getTopics","decl":{"start":{"line":47,"column":9},"end":{"line":47,"column":18}},"loc":{"start":{"line":47,"column":33},"end":{"line":54,"column":1}},"line":47},"9":{"name":"(anonymous_9)","decl":{"start":{"line":49,"column":16},"end":{"line":49,"column":17}},"loc":{"start":{"line":49,"column":23},"end":{"line":52,"column":3}},"line":49},"10":{"name":"RecipeList","decl":{"start":{"line":57,"column":24},"end":{"line":57,"column":34}},"loc":{"start":{"line":57,"column":73},"end":{"line":238,"column":1}},"line":57},"11":{"name":"(anonymous_11)","decl":{"start":{"line":61,"column":4},"end":{"line":61,"column":5}},"loc":{"start":{"line":61,"column":10},"end":{"line":61,"column":80}},"line":61},"12":{"name":"(anonymous_12)","decl":{"start":{"line":61,"column":26},"end":{"line":61,"column":27}},"loc":{"start":{"line":61,"column":33},"end":{"line":61,"column":79}},"line":61},"13":{"name":"(anonymous_13)","decl":{"start":{"line":69,"column":31},"end":{"line":69,"column":32}},"loc":{"start":{"line":69,"column":37},"end":{"line":69,"column":65}},"line":69},"14":{"name":"(anonymous_14)","decl":{"start":{"line":71,"column":33},"end":{"line":71,"column":34}},"loc":{"start":{"line":71,"column":39},"end":{"line":83,"column":3}},"line":71},"15":{"name":"(anonymous_15)","decl":{"start":{"line":74,"column":14},"end":{"line":74,"column":15}},"loc":{"start":{"line":74,"column":21},"end":{"line":80,"column":7}},"line":74},"16":{"name":"(anonymous_16)","decl":{"start":{"line":85,"column":27},"end":{"line":85,"column":28}},"loc":{"start":{"line":85,"column":61},"end":{"line":85,"column":96}},"line":85},"17":{"name":"(anonymous_17)","decl":{"start":{"line":100,"column":20},"end":{"line":100,"column":21}},"loc":{"start":{"line":100,"column":27},"end":{"line":100,"column":51}},"line":100},"18":{"name":"(anonymous_18)","decl":{"start":{"line":130,"column":20},"end":{"line":130,"column":21}},"loc":{"start":{"line":130,"column":30},"end":{"line":130,"column":52}},"line":130},"19":{"name":"(anonymous_19)","decl":{"start":{"line":134,"column":22},"end":{"line":134,"column":23}},"loc":{"start":{"line":135,"column":12},"end":{"line":137,"column":27}},"line":135},"20":{"name":"(anonymous_20)","decl":{"start":{"line":144,"column":22},"end":{"line":144,"column":23}},"loc":{"start":{"line":144,"column":29},"end":{"line":214,"column":9}},"line":144}},"branchMap":{"0":{"loc":{"start":{"line":29,"column":31},"end":{"line":29,"column":38}},"type":"binary-expr","locations":[{"start":{"line":29,"column":31},"end":{"line":29,"column":32}},{"start":{"line":29,"column":36},"end":{"line":29,"column":38}}],"line":29},"1":{"loc":{"start":{"line":30,"column":34},"end":{"line":30,"column":60}},"type":"binary-expr","locations":[{"start":{"line":30,"column":34},"end":{"line":30,"column":54}},{"start":{"line":30,"column":58},"end":{"line":30,"column":60}}],"line":30},"2":{"loc":{"start":{"line":31,"column":21},"end":{"line":31,"column":26}},"type":"default-arg","locations":[{"start":{"line":31,"column":25},"end":{"line":31,"column":26}}],"line":31},"3":{"loc":{"start":{"line":31,"column":32},"end":{"line":31,"column":74}},"type":"cond-expr","locations":[{"start":{"line":31,"column":56},"end":{"line":31,"column":57}},{"start":{"line":31,"column":60},"end":{"line":31,"column":74}}],"line":31},"4":{"loc":{"start":{"line":31,"column":60},"end":{"line":31,"column":74}},"type":"binary-expr","locations":[{"start":{"line":31,"column":60},"end":{"line":31,"column":69}},{"start":{"line":31,"column":73},"end":{"line":31,"column":74}}],"line":31},"5":{"loc":{"start":{"line":32,"column":29},"end":{"line":32,"column":65}},"type":"cond-expr","locations":[{"start":{"line":32,"column":33},"end":{"line":32,"column":61}},{"start":{"line":32,"column":64},"end":{"line":32,"column":65}}],"line":32},"6":{"loc":{"start":{"line":51,"column":4},"end":{"line":51,"column":22}},"type":"if","locations":[{"start":{"line":51,"column":4},"end":{"line":51,"column":22}},{"start":{},"end":{}}],"line":51},"7":{"loc":{"start":{"line":58,"column":19},"end":{"line":58,"column":36}},"type":"binary-expr","locations":[{"start":{"line":58,"column":19},"end":{"line":58,"column":30}},{"start":{"line":58,"column":34},"end":{"line":58,"column":36}}],"line":58},"8":{"loc":{"start":{"line":61,"column":33},"end":{"line":61,"column":79}},"type":"binary-expr","locations":[{"start":{"line":61,"column":33},"end":{"line":61,"column":53}},{"start":{"line":61,"column":57},"end":{"line":61,"column":79}}],"line":61},"9":{"loc":{"start":{"line":77,"column":10},"end":{"line":77,"column":82}},"type":"binary-expr","locations":[{"start":{"line":77,"column":10},"end":{"line":77,"column":12}},{"start":{"line":77,"column":16},"end":{"line":77,"column":47}},{"start":{"line":77,"column":51},"end":{"line":77,"column":82}}],"line":77},"10":{"loc":{"start":{"line":78,"column":29},"end":{"line":78,"column":78}},"type":"binary-expr","locations":[{"start":{"line":78,"column":29},"end":{"line":78,"column":50}},{"start":{"line":78,"column":54},"end":{"line":78,"column":78}}],"line":78},"11":{"loc":{"start":{"line":79,"column":15},"end":{"line":79,"column":43}},"type":"binary-expr","locations":[{"start":{"line":79,"column":15},"end":{"line":79,"column":27}},{"start":{"line":79,"column":31},"end":{"line":79,"column":43}}],"line":79},"12":{"loc":{"start":{"line":82,"column":12},"end":{"line":82,"column":41}},"type":"binary-expr","locations":[{"start":{"line":82,"column":12},"end":{"line":82,"column":25}},{"start":{"line":82,"column":29},"end":{"line":82,"column":41}}],"line":82},"13":{"loc":{"start":{"line":126,"column":7},"end":{"line":140,"column":7}},"type":"binary-expr","locations":[{"start":{"line":126,"column":7},"end":{"line":126,"column":24}},{"start":{"line":127,"column":8},"end":{"line":139,"column":28}}],"line":126},"14":{"loc":{"start":{"line":130,"column":30},"end":{"line":130,"column":52}},"type":"binary-expr","locations":[{"start":{"line":130,"column":30},"end":{"line":130,"column":31}},{"start":{"line":130,"column":35},"end":{"line":130,"column":52}}],"line":130},"15":{"loc":{"start":{"line":136,"column":15},"end":{"line":136,"column":38}},"type":"cond-expr","locations":[{"start":{"line":136,"column":29},"end":{"line":136,"column":34}},{"start":{"line":136,"column":37},"end":{"line":136,"column":38}}],"line":136},"16":{"loc":{"start":{"line":146,"column":23},"end":{"line":146,"column":51}},"type":"binary-expr","locations":[{"start":{"line":146,"column":23},"end":{"line":146,"column":44}},{"start":{"line":146,"column":48},"end":{"line":146,"column":51}}],"line":146},"17":{"loc":{"start":{"line":147,"column":22},"end":{"line":147,"column":41}},"type":"binary-expr","locations":[{"start":{"line":147,"column":22},"end":{"line":147,"column":33}},{"start":{"line":147,"column":37},"end":{"line":147,"column":41}}],"line":147},"18":{"loc":{"start":{"line":148,"column":24},"end":{"line":148,"column":53}},"type":"binary-expr","locations":[{"start":{"line":148,"column":24},"end":{"line":148,"column":32}},{"start":{"line":148,"column":36},"end":{"line":148,"column":53}}],"line":148},"19":{"loc":{"start":{"line":158,"column":19},"end":{"line":181,"column":19}},"type":"cond-expr","locations":[{"start":{"line":159,"column":20},"end":{"line":166,"column":26}},{"start":{"line":168,"column":20},"end":{"line":180,"column":26}}],"line":158},"20":{"loc":{"start":{"line":189,"column":23},"end":{"line":191,"column":23}},"type":"binary-expr","locations":[{"start":{"line":189,"column":23},"end":{"line":189,"column":35}},{"start":{"line":190,"column":24},"end":{"line":190,"column":111}}],"line":189},"21":{"loc":{"start":{"line":192,"column":23},"end":{"line":194,"column":23}},"type":"binary-expr","locations":[{"start":{"line":192,"column":23},"end":{"line":192,"column":34}},{"start":{"line":193,"column":24},"end":{"line":193,"column":115}}],"line":192},"22":{"loc":{"start":{"line":195,"column":23},"end":{"line":202,"column":23}},"type":"binary-expr","locations":[{"start":{"line":195,"column":23},"end":{"line":195,"column":30}},{"start":{"line":196,"column":24},"end":{"line":201,"column":26}}],"line":195},"23":{"loc":{"start":{"line":203,"column":23},"end":{"line":203,"column":73}},"type":"binary-expr","locations":[{"start":{"line":203,"column":23},"end":{"line":203,"column":31}},{"start":{"line":203,"column":35},"end":{"line":203,"column":73}}],"line":203},"24":{"loc":{"start":{"line":216,"column":9},"end":{"line":234,"column":9}},"type":"binary-expr","locations":[{"start":{"line":216,"column":9},"end":{"line":216,"column":30}},{"start":{"line":217,"column":10},"end":{"line":233,"column":17}}],"line":216}},"s":{"0":1,"1":268,"2":1,"3":678,"4":1,"5":331,"6":1,"7":22,"8":1,"9":112,"10":6,"11":5,"12":5,"13":16,"14":16,"15":57,"16":57,"17":56,"18":16,"19":52,"20":52,"21":16,"22":58,"23":52,"24":52,"25":52,"26":52,"27":16,"28":52,"29":52,"30":52,"31":201,"32":201,"33":201,"34":201,"35":52,"36":3,"37":52,"38":30,"39":3,"40":200,"41":107,"42":107,"43":107,"44":107,"45":107,"46":107,"47":107},"f":{"0":268,"1":678,"2":331,"3":22,"4":112,"5":6,"6":5,"7":5,"8":16,"9":57,"10":52,"11":16,"12":58,"13":16,"14":52,"15":201,"16":3,"17":30,"18":3,"19":200,"20":107},"b":{"0":[268,0],"1":[678,0],"2":[331],"3":[331,0],"4":[0,0],"5":[22,0],"6":[56,1],"7":[52,0],"8":[58,57],"9":[201,116,90],"10":[201,8],"11":[201,111],"12":[52,0],"13":[52,50],"14":[3,3],"15":[50,150],"16":[107,0],"17":[107,0],"18":[107,0],"19":[0,107],"20":[107,0],"21":[107,0],"22":[107,106],"23":[107,106],"24":[52,11]},"_coverageSchema":"1a1c01bbd47fc00a2c39e90264f33305004495a9","hash":"22e2bc3fe6b52fa1ba65ef7ecfbe142f3a0e0ff0"}
,"/home/biosdaddy/git/scottscookbook.link/src/hooks/useWakeLock.ts": {"path":"/home/biosdaddy/git/scottscookbook.link/src/hooks/useWakeLock.ts","statementMap":{"0":{"start":{"line":6,"column":36},"end":{"line":6,"column":66}},"1":{"start":{"line":7,"column":30},"end":{"line":7,"column":60}},"2":{"start":{"line":8,"column":22},"end":{"line":8,"column":65}},"3":{"start":{"line":9,"column":21},"end":{"line":9,"column":44}},"4":{"start":{"line":12,"column":24},"end":{"line":17,"column":3}},"5":{"start":{"line":13,"column":4},"end":{"line":13,"column":54}},"6":{"start":{"line":13,"column":28},"end":{"line":13,"column":54}},"7":{"start":{"line":14,"column":16},"end":{"line":14,"column":42}},"8":{"start":{"line":15,"column":4},"end":{"line":15,"column":43}},"9":{"start":{"line":16,"column":4},"end":{"line":16,"column":30}},"10":{"start":{"line":19,"column":2},"end":{"line":21,"column":9}},"11":{"start":{"line":20,"column":4},"end":{"line":20,"column":64}},"12":{"start":{"line":23,"column":18},"end":{"line":43,"column":8}},"13":{"start":{"line":24,"column":4},"end":{"line":42,"column":5}},"14":{"start":{"line":25,"column":6},"end":{"line":25,"column":89}},"15":{"start":{"line":25,"column":36},"end":{"line":25,"column":89}},"16":{"start":{"line":26,"column":6},"end":{"line":37,"column":7}},"17":{"start":{"line":27,"column":8},"end":{"line":27,"column":82}},"18":{"start":{"line":28,"column":8},"end":{"line":28,"column":24}},"19":{"start":{"line":30,"column":30},"end":{"line":30,"column":52}},"20":{"start":{"line":30,"column":36},"end":{"line":30,"column":52}},"21":{"start":{"line":31,"column":8},"end":{"line":31,"column":73}},"22":{"start":{"line":34,"column":24},"end":{"line":34,"column":45}},"23":{"start":{"line":35,"column":8},"end":{"line":35,"column":25}},"24":{"start":{"line":36,"column":8},"end":{"line":36,"column":24}},"25":{"start":{"line":39,"column":6},"end":{"line":39,"column":51}},"26":{"start":{"line":40,"column":6},"end":{"line":40,"column":23}},"27":{"start":{"line":41,"column":6},"end":{"line":41,"column":14}},"28":{"start":{"line":45,"column":18},"end":{"line":57,"column":8}},"29":{"start":{"line":46,"column":4},"end":{"line":56,"column":5}},"30":{"start":{"line":47,"column":6},"end":{"line":50,"column":7}},"31":{"start":{"line":48,"column":8},"end":{"line":48,"column":46}},"32":{"start":{"line":49,"column":8},"end":{"line":49,"column":35}},"33":{"start":{"line":51,"column":6},"end":{"line":53,"column":7}},"34":{"start":{"line":52,"column":8},"end":{"line":52,"column":37}},"35":{"start":{"line":55,"column":6},"end":{"line":55,"column":23}},"36":{"start":{"line":60,"column":2},"end":{"line":73,"column":26}},"37":{"start":{"line":61,"column":25},"end":{"line":70,"column":5}},"38":{"start":{"line":62,"column":6},"end":{"line":69,"column":7}},"39":{"start":{"line":63,"column":8},"end":{"line":68,"column":9}},"40":{"start":{"line":64,"column":10},"end":{"line":64,"column":84}},"41":{"start":{"line":65,"column":10},"end":{"line":65,"column":26}},"42":{"start":{"line":67,"column":10},"end":{"line":67,"column":57}},"43":{"start":{"line":71,"column":4},"end":{"line":71,"column":64}},"44":{"start":{"line":72,"column":4},"end":{"line":72,"column":80}},"45":{"start":{"line":72,"column":17},"end":{"line":72,"column":79}},"46":{"start":{"line":75,"column":2},"end":{"line":80,"column":16}},"47":{"start":{"line":76,"column":4},"end":{"line":79,"column":6}},"48":{"start":{"line":78,"column":6},"end":{"line":78,"column":16}},"49":{"start":{"line":82,"column":2},"end":{"line":87,"column":4}}},"fnMap":{"0":{"name":"useWakeLock","decl":{"start":{"line":5,"column":16},"end":{"line":5,"column":27}},"loc":{"start":{"line":5,"column":30},"end":{"line":88,"column":1}},"line":5},"1":{"name":"(anonymous_1)","decl":{"start":{"line":12,"column":24},"end":{"line":12,"column":25}},"loc":{"start":{"line":12,"column":36},"end":{"line":17,"column":3}},"line":12},"2":{"name":"(anonymous_2)","decl":{"start":{"line":19,"column":18},"end":{"line":19,"column":19}},"loc":{"start":{"line":19,"column":24},"end":{"line":21,"column":3}},"line":19},"3":{"name":"(anonymous_3)","decl":{"start":{"line":23,"column":36},"end":{"line":23,"column":37}},"loc":{"start":{"line":23,"column":48},"end":{"line":43,"column":3}},"line":23},"4":{"name":"(anonymous_4)","decl":{"start":{"line":30,"column":30},"end":{"line":30,"column":31}},"loc":{"start":{"line":30,"column":36},"end":{"line":30,"column":52}},"line":30},"5":{"name":"(anonymous_5)","decl":{"start":{"line":45,"column":36},"end":{"line":45,"column":37}},"loc":{"start":{"line":45,"column":48},"end":{"line":57,"column":3}},"line":45},"6":{"name":"(anonymous_6)","decl":{"start":{"line":60,"column":18},"end":{"line":60,"column":19}},"loc":{"start":{"line":60,"column":24},"end":{"line":73,"column":3}},"line":60},"7":{"name":"(anonymous_7)","decl":{"start":{"line":61,"column":25},"end":{"line":61,"column":26}},"loc":{"start":{"line":61,"column":37},"end":{"line":70,"column":5}},"line":61},"8":{"name":"(anonymous_8)","decl":{"start":{"line":72,"column":11},"end":{"line":72,"column":12}},"loc":{"start":{"line":72,"column":17},"end":{"line":72,"column":79}},"line":72},"9":{"name":"(anonymous_9)","decl":{"start":{"line":75,"column":18},"end":{"line":75,"column":19}},"loc":{"start":{"line":75,"column":24},"end":{"line":80,"column":3}},"line":75},"10":{"name":"(anonymous_10)","decl":{"start":{"line":76,"column":11},"end":{"line":76,"column":12}},"loc":{"start":{"line":76,"column":17},"end":{"line":79,"column":5}},"line":76}},"branchMap":{"0":{"loc":{"start":{"line":13,"column":4},"end":{"line":13,"column":54}},"type":"if","locations":[{"start":{"line":13,"column":4},"end":{"line":13,"column":54}},{"start":{},"end":{}}],"line":13},"1":{"loc":{"start":{"line":25,"column":6},"end":{"line":25,"column":89}},"type":"if","locations":[{"start":{"line":25,"column":6},"end":{"line":25,"column":89}},{"start":{},"end":{}}],"line":25},"2":{"loc":{"start":{"line":26,"column":6},"end":{"line":37,"column":7}},"type":"if","locations":[{"start":{"line":26,"column":6},"end":{"line":37,"column":7}},{"start":{"line":32,"column":13},"end":{"line":37,"column":7}}],"line":26},"3":{"loc":{"start":{"line":47,"column":6},"end":{"line":50,"column":7}},"type":"if","locations":[{"start":{"line":47,"column":6},"end":{"line":50,"column":7}},{"start":{},"end":{}}],"line":47},"4":{"loc":{"start":{"line":51,"column":6},"end":{"line":53,"column":7}},"type":"if","locations":[{"start":{"line":51,"column":6},"end":{"line":53,"column":7}},{"start":{},"end":{}}],"line":51},"5":{"loc":{"start":{"line":62,"column":6},"end":{"line":69,"column":7}},"type":"if","locations":[{"start":{"line":62,"column":6},"end":{"line":69,"column":7}},{"start":{},"end":{}}],"line":62},"6":{"loc":{"start":{"line":62,"column":10},"end":{"line":62,"column":58}},"type":"binary-expr","locations":[{"start":{"line":62,"column":10},"end":{"line":62,"column":16}},{"start":{"line":62,"column":20},"end":{"line":62,"column":29}},{"start":{"line":62,"column":33},"end":{"line":62,"column":58}}],"line":62},"7":{"loc":{"start":{"line":83,"column":17},"end":{"line":83,"column":34}},"type":"binary-expr","locations":[{"start":{"line":83,"column":17},"end":{"line":83,"column":26}},{"start":{"line":83,"column":30},"end":{"line":83,"column":34}}],"line":83}},"s":{"0":43,"1":43,"2":43,"3":43,"4":43,"5":3,"6":1,"7":2,"8":2,"9":2,"10":43,"11":15,"12":43,"13":13,"14":13,"15":1,"16":13,"17":10,"18":9,"19":9,"20":1,"21":9,"22":3,"23":3,"24":3,"25":1,"26":1,"27":1,"28":43,"29":17,"30":17,"31":9,"32":9,"33":17,"34":2,"35":17,"36":43,"37":40,"38":3,"39":2,"40":2,"41":1,"42":1,"43":40,"44":40,"45":40,"46":43,"47":15,"48":15,"49":43},"f":{"0":43,"1":3,"2":15,"3":13,"4":1,"5":17,"6":40,"7":3,"8":40,"9":15,"10":15},"b":{"0":[1,2],"1":[1,12],"2":[10,3],"3":[9,8],"4":[2,15],"5":[2,1],"6":[3,2,2],"7":[43,18]},"_coverageSchema":"1a1c01bbd47fc00a2c39e90264f33305004495a9","hash":"69907266900ab2cba6d968a931713e5b04da3975"}
,"/home/biosdaddy/git/scottscookbook.link/src/utils/cookies.ts": {"path":"/home/biosdaddy/git/scottscookbook.link/src/utils/cookies.ts","statementMap":{"0":{"start":{"line":1,"column":25},"end":{"line":5,"column":3}},"1":{"start":{"line":2,"column":4},"end":{"line":2,"column":48}},"2":{"start":{"line":2,"column":41},"end":{"line":2,"column":48}},"3":{"start":{"line":3,"column":20},"end":{"line":3,"column":69}},"4":{"start":{"line":4,"column":4},"end":{"line":4,"column":123}},"5":{"start":{"line":7,"column":27},"end":{"line":15,"column":3}},"6":{"start":{"line":8,"column":4},"end":{"line":8,"column":53}},"7":{"start":{"line":8,"column":41},"end":{"line":8,"column":53}},"8":{"start":{"line":9,"column":20},"end":{"line":9,"column":70}},"9":{"start":{"line":10,"column":16},"end":{"line":10,"column":46}},"10":{"start":{"line":11,"column":4},"end":{"line":13,"column":5}},"11":{"start":{"line":12,"column":6},"end":{"line":12,"column":80}},"12":{"start":{"line":12,"column":29},"end":{"line":12,"column":80}},"13":{"start":{"line":14,"column":4},"end":{"line":14,"column":16}},"14":{"start":{"line":17,"column":30},"end":{"line":20,"column":3}},"15":{"start":{"line":18,"column":4},"end":{"line":18,"column":48}},"16":{"start":{"line":18,"column":41},"end":{"line":18,"column":48}},"17":{"start":{"line":19,"column":4},"end":{"line":19,"column":114}}},"fnMap":{"0":{"name":"(anonymous_0)","decl":{"start":{"line":1,"column":25},"end":{"line":1,"column":26}},"loc":{"start":{"line":1,"column":70},"end":{"line":5,"column":3}},"line":1},"1":{"name":"(anonymous_1)","decl":{"start":{"line":7,"column":27},"end":{"line":7,"column":28}},"loc":{"start":{"line":7,"column":60},"end":{"line":15,"column":3}},"line":7},"2":{"name":"(anonymous_2)","decl":{"start":{"line":17,"column":30},"end":{"line":17,"column":31}},"loc":{"start":{"line":17,"column":48},"end":{"line":20,"column":3}},"line":17}},"branchMap":{"0":{"loc":{"start":{"line":1,"column":55},"end":{"line":1,"column":65}},"type":"default-arg","locations":[{"start":{"line":1,"column":62},"end":{"line":1,"column":65}}],"line":1},"1":{"loc":{"start":{"line":2,"column":4},"end":{"line":2,"column":48}},"type":"if","locations":[{"start":{"line":2,"column":4},"end":{"line":2,"column":48}},{"start":{},"end":{}}],"line":2},"2":{"loc":{"start":{"line":8,"column":4},"end":{"line":8,"column":53}},"type":"if","locations":[{"start":{"line":8,"column":4},"end":{"line":8,"column":53}},{"start":{},"end":{}}],"line":8},"3":{"loc":{"start":{"line":9,"column":20},"end":{"line":9,"column":70}},"type":"cond-expr","locations":[{"start":{"line":9,"column":38},"end":{"line":9,"column":65}},{"start":{"line":9,"column":68},"end":{"line":9,"column":70}}],"line":9},"4":{"loc":{"start":{"line":12,"column":6},"end":{"line":12,"column":80}},"type":"if","locations":[{"start":{"line":12,"column":6},"end":{"line":12,"column":80}},{"start":{},"end":{}}],"line":12},"5":{"loc":{"start":{"line":18,"column":4},"end":{"line":18,"column":48}},"type":"if","locations":[{"start":{"line":18,"column":4},"end":{"line":18,"column":48}},{"start":{},"end":{}}],"line":18}},"s":{"0":1,"1":7,"2":0,"3":7,"4":7,"5":1,"6":8,"7":0,"8":8,"9":8,"10":8,"11":6,"12":6,"13":2,"14":1,"15":2,"16":0,"17":2},"f":{"0":7,"1":8,"2":2},"b":{"0":[7],"1":[0,7],"2":[0,8],"3":[6,2],"4":[6,0],"5":[0,2]},"_coverageSchema":"1a1c01bbd47fc00a2c39e90264f33305004495a9","hash":"bff52dded7cdc2ea024b18319237c8c307edfadb"}
}
