TN:
SF:src/components/IngredientTable.tsx
FN:35,(anonymous_0)
FN:37,(anonymous_1)
FN:63,(anonymous_2)
FN:89,(anonymous_3)
FNF:4
FNH:4
FNDA:6,(anonymous_0)
FNDA:10,(anonymous_1)
FNDA:13,(anonymous_2)
FNDA:24,(anonymous_3)
DA:35,6
DA:37,1
DA:41,10
DA:43,4
DA:49,2
DA:51,2
DA:53,2
DA:59,0
DA:63,1
DA:69,13
DA:71,12
DA:73,12
DA:91,24
DA:95,24
LF:14
LH:13
BRDA:41,0,0,4
BRDA:41,0,1,2
BRDA:41,0,2,2
BRDA:41,0,3,2
BRDA:41,0,4,0
BRDA:67,1,0,12
BRDA:69,2,0,1
BRDA:69,2,1,12
BRDA:69,3,0,13
BRDA:69,3,1,13
BRDA:71,4,0,12
BRDA:71,4,1,0
BRDA:75,5,0,12
BRDA:75,5,1,11
BRDA:91,6,0,10
BRDA:91,6,1,14
BRDA:91,7,0,24
BRDA:91,7,1,10
BRDA:101,8,0,12
BRDA:101,8,1,12
BRDA:117,9,0,24
BRDA:117,9,1,10
BRDA:137,10,0,24
BRDA:137,10,1,12
BRDA:143,11,0,24
BRDA:143,11,1,12
BRF:26
BRH:24
end_of_record
TN:
SF:src/components/RecipeList.tsx
FN:29,(anonymous_0)
FN:30,(anonymous_1)
FN:31,(anonymous_2)
FN:32,(anonymous_3)
FN:36,(anonymous_4)
FN:37,(anonymous_5)
FN:38,(anonymous_6)
FN:39,(anonymous_7)
FN:47,getTopics
FN:49,(anonymous_9)
FN:57,RecipeList
FN:61,(anonymous_11)
FN:61,(anonymous_12)
FN:69,(anonymous_13)
FN:71,(anonymous_14)
FN:74,(anonymous_15)
FN:85,(anonymous_16)
FN:100,(anonymous_17)
FN:130,(anonymous_18)
FN:134,(anonymous_19)
FN:144,(anonymous_20)
FNF:21
FNH:21
FNDA:268,(anonymous_0)
FNDA:678,(anonymous_1)
FNDA:331,(anonymous_2)
FNDA:22,(anonymous_3)
FNDA:112,(anonymous_4)
FNDA:6,(anonymous_5)
FNDA:5,(anonymous_6)
FNDA:5,(anonymous_7)
FNDA:16,getTopics
FNDA:57,(anonymous_9)
FNDA:52,RecipeList
FNDA:16,(anonymous_11)
FNDA:58,(anonymous_12)
FNDA:16,(anonymous_13)
FNDA:52,(anonymous_14)
FNDA:201,(anonymous_15)
FNDA:3,(anonymous_16)
FNDA:30,(anonymous_17)
FNDA:3,(anonymous_18)
FNDA:200,(anonymous_19)
FNDA:107,(anonymous_20)
DA:29,268
DA:30,678
DA:31,331
DA:32,22
DA:35,1
DA:36,112
DA:37,6
DA:38,5
DA:40,5
DA:48,16
DA:49,16
DA:50,57
DA:51,57
DA:53,16
DA:58,52
DA:60,52
DA:61,58
DA:65,52
DA:66,52
DA:67,52
DA:69,52
DA:71,52
DA:72,52
DA:73,52
DA:75,201
DA:77,201
DA:78,201
DA:79,201
DA:85,52
DA:87,52
DA:100,30
DA:130,3
DA:135,200
DA:145,107
DA:146,107
DA:147,107
DA:148,107
DA:149,107
DA:151,107
DA:153,107
LF:40
LH:40
BRDA:29,0,0,268
BRDA:29,0,1,0
BRDA:30,1,0,678
BRDA:30,1,1,0
BRDA:31,2,0,331
BRDA:31,3,0,331
BRDA:31,3,1,0
BRDA:31,4,0,0
BRDA:31,4,1,0
BRDA:32,5,0,22
BRDA:32,5,1,0
BRDA:51,6,0,56
BRDA:51,6,1,1
BRDA:58,7,0,52
BRDA:58,7,1,0
BRDA:61,8,0,58
BRDA:61,8,1,57
BRDA:77,9,0,201
BRDA:77,9,1,116
BRDA:77,9,2,90
BRDA:78,10,0,201
BRDA:78,10,1,8
BRDA:79,11,0,201
BRDA:79,11,1,111
BRDA:82,12,0,52
BRDA:82,12,1,0
BRDA:126,13,0,52
BRDA:126,13,1,50
BRDA:130,14,0,3
BRDA:130,14,1,3
BRDA:136,15,0,50
BRDA:136,15,1,150
BRDA:146,16,0,107
BRDA:146,16,1,0
BRDA:147,17,0,107
BRDA:147,17,1,0
BRDA:148,18,0,107
BRDA:148,18,1,0
BRDA:158,19,0,0
BRDA:158,19,1,107
BRDA:189,20,0,107
BRDA:189,20,1,0
BRDA:192,21,0,107
BRDA:192,21,1,0
BRDA:195,22,0,107
BRDA:195,22,1,106
BRDA:203,23,0,107
BRDA:203,23,1,106
BRDA:216,24,0,52
BRDA:216,24,1,11
BRF:50
BRH:36
end_of_record
TN:
SF:src/hooks/useWakeLock.ts
FN:5,useWakeLock
FN:12,(anonymous_1)
FN:19,(anonymous_2)
FN:23,(anonymous_3)
FN:30,(anonymous_4)
FN:45,(anonymous_5)
FN:60,(anonymous_6)
FN:61,(anonymous_7)
FN:72,(anonymous_8)
FN:75,(anonymous_9)
FN:76,(anonymous_10)
FNF:11
FNH:11
FNDA:43,useWakeLock
FNDA:3,(anonymous_1)
FNDA:15,(anonymous_2)
FNDA:13,(anonymous_3)
FNDA:1,(anonymous_4)
FNDA:17,(anonymous_5)
FNDA:40,(anonymous_6)
FNDA:3,(anonymous_7)
FNDA:40,(anonymous_8)
FNDA:15,(anonymous_9)
FNDA:15,(anonymous_10)
DA:6,43
DA:7,43
DA:8,43
DA:9,43
DA:12,43
DA:13,3
DA:14,2
DA:15,2
DA:16,2
DA:19,43
DA:20,15
DA:23,43
DA:24,13
DA:25,13
DA:26,13
DA:27,10
DA:28,9
DA:30,9
DA:31,9
DA:34,3
DA:35,3
DA:36,3
DA:39,1
DA:40,1
DA:41,1
DA:45,43
DA:46,17
DA:47,17
DA:48,9
DA:49,9
DA:51,17
DA:52,2
DA:55,17
DA:60,43
DA:61,40
DA:62,3
DA:63,2
DA:64,2
DA:65,1
DA:67,1
DA:71,40
DA:72,40
DA:75,43
DA:76,15
DA:78,15
DA:82,43
LF:46
LH:46
BRDA:13,0,0,1
BRDA:13,0,1,2
BRDA:25,1,0,1
BRDA:25,1,1,12
BRDA:26,2,0,10
BRDA:26,2,1,3
BRDA:47,3,0,9
BRDA:47,3,1,8
BRDA:51,4,0,2
BRDA:51,4,1,15
BRDA:62,5,0,2
BRDA:62,5,1,1
BRDA:62,6,0,3
BRDA:62,6,1,2
BRDA:62,6,2,2
BRDA:83,7,0,43
BRDA:83,7,1,18
BRF:17
BRH:17
end_of_record
TN:
SF:src/utils/cookies.ts
FN:1,(anonymous_0)
FN:7,(anonymous_1)
FN:17,(anonymous_2)
FNF:3
FNH:3
FNDA:7,(anonymous_0)
FNDA:8,(anonymous_1)
FNDA:2,(anonymous_2)
DA:1,1
DA:2,7
DA:3,7
DA:4,7
DA:7,1
DA:8,8
DA:9,8
DA:10,8
DA:11,8
DA:12,6
DA:14,2
DA:17,1
DA:18,2
DA:19,2
LF:14
LH:14
BRDA:1,0,0,7
BRDA:2,1,0,0
BRDA:2,1,1,7
BRDA:8,2,0,0
BRDA:8,2,1,8
BRDA:9,3,0,6
BRDA:9,3,1,2
BRDA:12,4,0,6
BRDA:12,4,1,0
BRDA:18,5,0,0
BRDA:18,5,1,2
BRF:11
BRH:7
end_of_record
